<?xml version="1.0" encoding="UTF-8"?>
<!-- Generated by org.testng.reporters.JUnitReportReporter -->
<testsuite hostname="raky-PC" name="testcases.PositiveTestcases" tests="1" failures="0" timestamp="20 Feb 2018 21:24:38 GMT" time="136.088" errors="1">
  <testcase name="Largest_City_And_Capital" time="136.088" classname="testcases.PositiveTestcases">
    <error type="com.jayway.jsonpath.PathNotFoundException" message="Missing property in path $[&#039;RestResponse&#039;][&#039;result&#039;]">
      <![CDATA[com.jayway.jsonpath.PathNotFoundException: Missing property in path $['RestResponse']['result']
	at com.jayway.jsonpath.internal.path.PathToken.handleObjectProperty(PathToken.java:72)
	at com.jayway.jsonpath.internal.path.PropertyPathToken.evaluate(PropertyPathToken.java:79)
	at com.jayway.jsonpath.internal.path.PathToken.handleObjectProperty(PathToken.java:81)
	at com.jayway.jsonpath.internal.path.PropertyPathToken.evaluate(PropertyPathToken.java:79)
	at com.jayway.jsonpath.internal.path.RootPathToken.evaluate(RootPathToken.java:62)
	at com.jayway.jsonpath.internal.path.CompiledPath.evaluate(CompiledPath.java:53)
	at com.jayway.jsonpath.internal.path.CompiledPath.evaluate(CompiledPath.java:61)
	at com.jayway.jsonpath.JsonPath.read(JsonPath.java:187)
	at com.jayway.jsonpath.JsonPath.read(JsonPath.java:345)
	at com.jayway.jsonpath.JsonPath.read(JsonPath.java:329)
	at framework.RestFuntions.executeRESTRequest(RestFuntions.java:21)
	at testcases.PositiveTestcases.Largest_City_And_Capital(PositiveTestcases.java:26)
	at sun.reflect.NativeMethodAccessorImpl.invoke0(Native Method)
	at sun.reflect.NativeMethodAccessorImpl.invoke(NativeMethodAccessorImpl.java:62)
	at sun.reflect.DelegatingMethodAccessorImpl.invoke(DelegatingMethodAccessorImpl.java:43)
	at java.lang.reflect.Method.invoke(Method.java:498)
	at org.testng.internal.MethodInvocationHelper.invokeMethod(MethodInvocationHelper.java:86)
	at org.testng.internal.Invoker.invokeMethod(Invoker.java:643)
	at org.testng.internal.Invoker.invokeTestMethod(Invoker.java:820)
	at org.testng.internal.Invoker.invokeTestMethods(Invoker.java:1128)
	at org.testng.internal.TestMethodWorker.invokeTestMethods(TestMethodWorker.java:129)
	at org.testng.internal.TestMethodWorker.run(TestMethodWorker.java:112)
	at org.testng.TestRunner.privateRun(TestRunner.java:782)
	at org.testng.TestRunner.run(TestRunner.java:632)
	at org.testng.SuiteRunner.runTest(SuiteRunner.java:366)
	at org.testng.SuiteRunner.runSequentially(SuiteRunner.java:361)
	at org.testng.SuiteRunner.privateRun(SuiteRunner.java:319)
	at org.testng.SuiteRunner.run(SuiteRunner.java:268)
	at org.testng.SuiteRunnerWorker.runSuite(SuiteRunnerWorker.java:52)
	at org.testng.SuiteRunnerWorker.run(SuiteRunnerWorker.java:86)
	at org.testng.TestNG.runSuitesSequentially(TestNG.java:1244)
	at org.testng.TestNG.runSuitesLocally(TestNG.java:1169)
	at org.testng.TestNG.run(TestNG.java:1064)
	at org.testng.remote.AbstractRemoteTestNG.run(AbstractRemoteTestNG.java:126)
	at org.testng.remote.RemoteTestNG.initAndRun(RemoteTestNG.java:152)
	at org.testng.remote.RemoteTestNG.main(RemoteTestNG.java:57)
]]>
    </error>
  </testcase> <!-- Largest_City_And_Capital -->
</testsuite> <!-- testcases.PositiveTestcases -->
